<?xml version="1.0" encoding="UTF-8"?>
<!-- Generated by org.testng.reporters.JUnitReportReporter -->
<testsuite skipped="0" hostname="RPIPL-DT-HP128" name="com.Google.GLaunch" tests="1" failures="0" timestamp="02 Dec 2019 06:54:22 GMT" time="18.669" errors="0">
  <testcase name="Launchg" time="18.669" classname="com.Google.GLaunch"/>
</testsuite> <!-- com.Google.GLaunch -->
