<?xml version="1.0" encoding="UTF-8"?>
<!-- Generated by org.testng.reporters.JUnitReportReporter -->
<testsuite skipped="0" hostname="RPIPL-DT-HP128" name="com.Google.GLaunch" tests="1" failures="0" timestamp="02 Dec 2019 11:24:55 GMT" time="15.876" errors="0">
  <testcase name="Launchg" time="15.876" classname="com.Google.GLaunch"/>
</testsuite> <!-- com.Google.GLaunch -->
